
--------------------------------------------------------------------------------------
 Mapping parameters
--------------------------------------------------------------------------------------
 ANTSPATH is /data/local/apps/ants/bin

 Dimensionality:           3
 Output name prefix:       /data/fmri_monkey_03/PROJECT/Sjoerd/FaceBody_Discrimination/fMRI/daily_fMRI_results/tank180426_test/funct/coregister_template//syn_gre_2_anat
 Fixed images:             /data/fmri_monkey_03/PROJECT/Sjoerd/FaceBody_Discrimination/fMRI/template/tank/tank_anat.nii
 Moving images:            /data/fmri_monkey_03/PROJECT/Sjoerd/FaceBody_Discrimination/fMRI/daily_fMRI_results/tank180426_test/funct/coregister_template/combined_gre_image_reorient_n4_bias_correct.nii
 Mask images:              
 Initial transforms:       
 Number of threads:        10
 Spline distance:          26
 Transform type:           b
 CC radius:                4
 Precision:                d
 Use histogram matching    0
======================================================================================
 antsRegistration call:
--------------------------------------------------------------------------------------
/data/local/apps/ants/bin/antsRegistration --verbose 1 --dimensionality 3 --float 0 --collapse-output-transforms 1 --output [/data/fmri_monkey_03/PROJECT/Sjoerd/FaceBody_Discrimination/fMRI/daily_fMRI_results/tank180426_test/funct/coregister_template//syn_gre_2_anat,/data/fmri_monkey_03/PROJECT/Sjoerd/FaceBody_Discrimination/fMRI/daily_fMRI_results/tank180426_test/funct/coregister_template//syn_gre_2_anatWarped.nii.gz,/data/fmri_monkey_03/PROJECT/Sjoerd/FaceBody_Discrimination/fMRI/daily_fMRI_results/tank180426_test/funct/coregister_template//syn_gre_2_anatInverseWarped.nii.gz] --interpolation Linear --use-histogram-matching 0 --winsorize-image-intensities [0.005,0.995] --initial-moving-transform [/data/fmri_monkey_03/PROJECT/Sjoerd/FaceBody_Discrimination/fMRI/template/tank/tank_anat.nii,/data/fmri_monkey_03/PROJECT/Sjoerd/FaceBody_Discrimination/fMRI/daily_fMRI_results/tank180426_test/funct/coregister_template/combined_gre_image_reorient_n4_bias_correct.nii,1] --transform Rigid[0.1] --metric MI[/data/fmri_monkey_03/PROJECT/Sjoerd/FaceBody_Discrimination/fMRI/template/tank/tank_anat.nii,/data/fmri_monkey_03/PROJECT/Sjoerd/FaceBody_Discrimination/fMRI/daily_fMRI_results/tank180426_test/funct/coregister_template/combined_gre_image_reorient_n4_bias_correct.nii,1,32,Regular,0.25] --convergence [1000x500x250x100,1e-6,10] --shrink-factors 8x4x2x1 --smoothing-sigmas 3x2x1x0vox --transform Affine[0.1] --metric MI[/data/fmri_monkey_03/PROJECT/Sjoerd/FaceBody_Discrimination/fMRI/template/tank/tank_anat.nii,/data/fmri_monkey_03/PROJECT/Sjoerd/FaceBody_Discrimination/fMRI/daily_fMRI_results/tank180426_test/funct/coregister_template/combined_gre_image_reorient_n4_bias_correct.nii,1,32,Regular,0.25] --convergence [1000x500x250x100,1e-6,10] --shrink-factors 8x4x2x1 --smoothing-sigmas 3x2x1x0vox --transform BSplineSyN[0.1,26,0,3] --metric CC[/data/fmri_monkey_03/PROJECT/Sjoerd/FaceBody_Discrimination/fMRI/template/tank/tank_anat.nii,/data/fmri_monkey_03/PROJECT/Sjoerd/FaceBody_Discrimination/fMRI/daily_fMRI_results/tank180426_test/funct/coregister_template/combined_gre_image_reorient_n4_bias_correct.nii,1,4] --convergence [100x70x50x20,1e-6,10] --shrink-factors 8x4x2x1 --smoothing-sigmas 3x2x1x0vox
--------------------------------------------------------------------------------------
All_Command_lines_OK
Using double precision for computations.
=============================================================================
The composite transform comprises the following transforms (in order): 
  1. Center of mass alignment using fixed image: /data/fmri_monkey_03/PROJECT/Sjoerd/FaceBody_Discrimination/fMRI/template/tank/tank_anat.nii and moving image: /data/fmri_monkey_03/PROJECT/Sjoerd/FaceBody_Discrimination/fMRI/daily_fMRI_results/tank180426_test/funct/coregister_template/combined_gre_image_reorient_n4_bias_correct.nii (type = Euler3DTransform)
=============================================================================
  number of levels = 4
  number of levels = 4
  number of levels = 4
  fixed image: /data/fmri_monkey_03/PROJECT/Sjoerd/FaceBody_Discrimination/fMRI/template/tank/tank_anat.nii
  moving image: /data/fmri_monkey_03/PROJECT/Sjoerd/FaceBody_Discrimination/fMRI/daily_fMRI_results/tank180426_test/funct/coregister_template/combined_gre_image_reorient_n4_bias_correct.nii
  fixed image: /data/fmri_monkey_03/PROJECT/Sjoerd/FaceBody_Discrimination/fMRI/template/tank/tank_anat.nii
  moving image: /data/fmri_monkey_03/PROJECT/Sjoerd/FaceBody_Discrimination/fMRI/daily_fMRI_results/tank180426_test/funct/coregister_template/combined_gre_image_reorient_n4_bias_correct.nii
  fixed image: /data/fmri_monkey_03/PROJECT/Sjoerd/FaceBody_Discrimination/fMRI/template/tank/tank_anat.nii
  moving image: /data/fmri_monkey_03/PROJECT/Sjoerd/FaceBody_Discrimination/fMRI/daily_fMRI_results/tank180426_test/funct/coregister_template/combined_gre_image_reorient_n4_bias_correct.nii
Dimension = 3
Number of stages = 3
Use Histogram Matching false
Winsorize image intensities true
Lower quantile = 0.005
Upper quantile = 0.995
Stage 1 State
   Image metric = Mattes
     Fixed image = Image (0x37a2cc0)
  RTTI typeinfo:   itk::Image<double, 3u>
  Reference Count: 2
  Modified Time: 1974
  Debug: Off
  Object Name: 
  Observers: 
    none
  Source: (none)
  Source output name: (none)
  Release Data: Off
  Data Released: False
  Global Release Data: Off
  PipelineMTime: 0
  UpdateMTime: 1796
  RealTimeStamp: 0 seconds 
  LargestPossibleRegion: 
    Dimension: 3
    Index: [0, 0, 0]
    Size: [58, 88, 70]
  BufferedRegion: 
    Dimension: 3
    Index: [0, 0, 0]
    Size: [58, 88, 70]
  RequestedRegion: 
    Dimension: 3
    Index: [0, 0, 0]
    Size: [58, 88, 70]
  Spacing: [1, 1, 1]
  Origin: [-51.8178, -24.339, -44.0678]
  Direction: 
-0 0 1
0 1 0
1 0 -0

  IndexToPointMatrix: 
0 0 1
0 1 0
1 0 0

  PointToIndexMatrix: 
0 0 1
0 1 0
1 0 0

  Inverse Direction: 
0 0 1
0 1 0
1 0 0

  PixelContainer: 
    ImportImageContainer (0x37a40f0)
      RTTI typeinfo:   itk::ImportImageContainer<unsigned long, double>
      Reference Count: 1
      Modified Time: 1793
      Debug: Off
      Object Name: 
      Observers: 
        none
      Pointer: 0x37b0e40
      Container manages memory: true
      Size: 357280
      Capacity: 357280

     Moving image = Image (0x379b150)
  RTTI typeinfo:   itk::Image<double, 3u>
  Reference Count: 2
  Modified Time: 1975
  Debug: Off
  Object Name: 
  Observers: 
    none
  Source: (none)
  Source output name: (none)
  Release Data: Off
  Data Released: False
  Global Release Data: Off
  PipelineMTime: 0
  UpdateMTime: 1972
  RealTimeStamp: 0 seconds 
  LargestPossibleRegion: 
    Dimension: 3
    Index: [0, 0, 0]
    Size: [128, 56, 128]
  BufferedRegion: 
    Dimension: 3
    Index: [0, 0, 0]
    Size: [128, 56, 128]
  RequestedRegion: 
    Dimension: 3
    Index: [0, 0, 0]
    Size: [128, 56, 128]
  Spacing: [1.2, 1.25, 1.25]
  Origin: [76.0381, 100.373, 30.8263]
  Direction: 
-1 0 0
0 -3.42285e-08 -1
0 -1 3.42285e-08

  IndexToPointMatrix: 
-1.2 0 0
0 -4.27857e-08 -1.25
0 -1.25 4.27857e-08

  PointToIndexMatrix: 
-0.833333 0 0
0 -2.73828e-08 -0.8
0 -0.8 2.73828e-08

  Inverse Direction: 
-1 0 0
0 -3.42285e-08 -1
0 -1 3.42285e-08

  PixelContainer: 
    ImportImageContainer (0x379b410)
      RTTI typeinfo:   itk::ImportImageContainer<unsigned long, double>
      Reference Count: 1
      Modified Time: 1969
      Debug: Off
      Object Name: 
      Observers: 
        none
      Pointer: 0x3a6e1f0
      Container manages memory: true
      Size: 917504
      Capacity: 917504

     Weighting = 1
     Sampling strategy = regular
     Number of bins = 32
     Radius = 4
     Sampling percentage  = 0.25
   Transform = Rigid
     Gradient step = 0.1
     Update field sigma (voxel space) = 0
     Total field sigma (voxel space) = 0
     Update field time sigma = 0
     Total field time sigma  = 0
     Number of time indices = 0
     Number of time point samples = 0
Stage 2 State
   Image metric = Mattes
     Fixed image = Image (0x3a6ab50)
  RTTI typeinfo:   itk::Image<double, 3u>
  Reference Count: 2
  Modified Time: 2326
  Debug: Off
  Object Name: 
  Observers: 
    none
  Source: (none)
  Source output name: (none)
  Release Data: Off
  Data Released: False
  Global Release Data: Off
  PipelineMTime: 0
  UpdateMTime: 2148
  RealTimeStamp: 0 seconds 
  LargestPossibleRegion: 
    Dimension: 3
    Index: [0, 0, 0]
    Size: [58, 88, 70]
  BufferedRegion: 
    Dimension: 3
    Index: [0, 0, 0]
    Size: [58, 88, 70]
  RequestedRegion: 
    Dimension: 3
    Index: [0, 0, 0]
    Size: [58, 88, 70]
  Spacing: [1, 1, 1]
  Origin: [-51.8178, -24.339, -44.0678]
  Direction: 
-0 0 1
0 1 0
1 0 -0

  IndexToPointMatrix: 
0 0 1
0 1 0
1 0 0

  PointToIndexMatrix: 
0 0 1
0 1 0
1 0 0

  Inverse Direction: 
0 0 1
0 1 0
1 0 0

  PixelContainer: 
    ImportImageContainer (0x3a6ae10)
      RTTI typeinfo:   itk::ImportImageContainer<unsigned long, double>
      Reference Count: 1
      Modified Time: 2145
      Debug: Off
      Object Name: 
      Observers: 
        none
      Pointer: 0x4170330
      Container manages memory: true
      Size: 357280
      Capacity: 357280

     Moving image = Image (0x37b0710)
  RTTI typeinfo:   itk::Image<double, 3u>
  Reference Count: 2
  Modified Time: 2327
  Debug: Off
  Object Name: 
  Observers: 
    none
  Source: (none)
  Source output name: (none)
  Release Data: Off
  Data Released: False
  Global Release Data: Off
  PipelineMTime: 0
  UpdateMTime: 2324
  RealTimeStamp: 0 seconds 
  LargestPossibleRegion: 
    Dimension: 3
    Index: [0, 0, 0]
    Size: [128, 56, 128]
  BufferedRegion: 
    Dimension: 3
    Index: [0, 0, 0]
    Size: [128, 56, 128]
  RequestedRegion: 
    Dimension: 3
    Index: [0, 0, 0]
    Size: [128, 56, 128]
  Spacing: [1.2, 1.25, 1.25]
  Origin: [76.0381, 100.373, 30.8263]
  Direction: 
-1 0 0
0 -3.42285e-08 -1
0 -1 3.42285e-08

  IndexToPointMatrix: 
-1.2 0 0
0 -4.27857e-08 -1.25
0 -1.25 4.27857e-08

  PointToIndexMatrix: 
-0.833333 0 0
0 -2.73828e-08 -0.8
0 -0.8 2.73828e-08

  Inverse Direction: 
-1 0 0
0 -3.42285e-08 -1
0 -1 3.42285e-08

  PixelContainer: 
    ImportImageContainer (0x37a3730)
      RTTI typeinfo:   itk::ImportImageContainer<unsigned long, double>
      Reference Count: 1
      Modified Time: 2321
      Debug: Off
      Object Name: 
      Observers: 
        none
      Pointer: 0x442ca70
      Container manages memory: true
      Size: 917504
      Capacity: 917504

     Weighting = 1
     Sampling strategy = regular
     Number of bins = 32
     Radius = 4
     Sampling percentage  = 0.25
   Transform = Affine
     Gradient step = 0.1
     Update field sigma (voxel space) = 0
     Total field sigma (voxel space) = 0
     Update field time sigma = 0
     Total field time sigma  = 0
     Number of time indices = 0
     Number of time point samples = 0
Stage 3 State
   Image metric = CC
     Fixed image = Image (0x4b2ca80)
  RTTI typeinfo:   itk::Image<double, 3u>
  Reference Count: 2
  Modified Time: 2678
  Debug: Off
  Object Name: 
  Observers: 
    none
  Source: (none)
  Source output name: (none)
  Release Data: Off
  Data Released: False
  Global Release Data: Off
  PipelineMTime: 0
  UpdateMTime: 2500
  RealTimeStamp: 0 seconds 
  LargestPossibleRegion: 
    Dimension: 3
    Index: [0, 0, 0]
    Size: [58, 88, 70]
  BufferedRegion: 
    Dimension: 3
    Index: [0, 0, 0]
    Size: [58, 88, 70]
  RequestedRegion: 
    Dimension: 3
    Index: [0, 0, 0]
    Size: [58, 88, 70]
  Spacing: [1, 1, 1]
  Origin: [-51.8178, -24.339, -44.0678]
  Direction: 
-0 0 1
0 1 0
1 0 -0

  IndexToPointMatrix: 
0 0 1
0 1 0
1 0 0

  PointToIndexMatrix: 
0 0 1
0 1 0
1 0 0

  Inverse Direction: 
0 0 1
0 1 0
1 0 0

  PixelContainer: 
    ImportImageContainer (0x3a6b660)
      RTTI typeinfo:   itk::ImportImageContainer<unsigned long, double>
      Reference Count: 1
      Modified Time: 2497
      Debug: Off
      Object Name: 
      Observers: 
        none
      Pointer: 0x4b2ebd0
      Container manages memory: true
      Size: 357280
      Capacity: 357280

     Moving image = Image (0x4de88e0)
  RTTI typeinfo:   itk::Image<double, 3u>
  Reference Count: 2
  Modified Time: 2679
  Debug: Off
  Object Name: 
  Observers: 
    none
  Source: (none)
  Source output name: (none)
  Release Data: Off
  Data Released: False
  Global Release Data: Off
  PipelineMTime: 0
  UpdateMTime: 2676
  RealTimeStamp: 0 seconds 
  LargestPossibleRegion: 
    Dimension: 3
    Index: [0, 0, 0]
    Size: [128, 56, 128]
  BufferedRegion: 
    Dimension: 3
    Index: [0, 0, 0]
    Size: [128, 56, 128]
  RequestedRegion: 
    Dimension: 3
    Index: [0, 0, 0]
    Size: [128, 56, 128]
  Spacing: [1.2, 1.25, 1.25]
  Origin: [76.0381, 100.373, 30.8263]
  Direction: 
-1 0 0
0 -3.42285e-08 -1
0 -1 3.42285e-08

  IndexToPointMatrix: 
-1.2 0 0
0 -4.27857e-08 -1.25
0 -1.25 4.27857e-08

  PointToIndexMatrix: 
-0.833333 0 0
0 -2.73828e-08 -0.8
0 -0.8 2.73828e-08

  Inverse Direction: 
-1 0 0
0 -3.42285e-08 -1
0 -1 3.42285e-08

  PixelContainer: 
    ImportImageContainer (0x3792b70)
      RTTI typeinfo:   itk::ImportImageContainer<unsigned long, double>
      Reference Count: 1
      Modified Time: 2673
      Debug: Off
      Object Name: 
      Observers: 
        none
      Pointer: 0x4deadf0
      Container manages memory: true
      Size: 917504
      Capacity: 917504

     Weighting = 1
     Sampling strategy = none
     Number of bins = 32
     Radius = 4
     Sampling percentage  = 1
   Transform = BSplineSyN
     Gradient step = 0.1
     Update field sigma (voxel space) = 0
     Total field sigma (voxel space) = 0
     Update field time sigma = 0
     Total field time sigma  = 0
     Number of time indices = 0
     Number of time point samples = 0
Registration using 3 total stages.

Stage 0
  iterations = 1000x500x250x100
  convergence threshold = 1e-06
  convergence window size = 10
  number of levels = 4
  using the Mattes MI metric (number of bins = 32, weight = 1)
  preprocessing:  winsorizing the image intensities
  Shrink factors (level 1 out of 4): [8, 8, 8]
  Shrink factors (level 2 out of 4): [4, 4, 4]
  Shrink factors (level 3 out of 4): [2, 2, 2]
  Shrink factors (level 4 out of 4): [1, 1, 1]
  smoothing sigmas per level: [3, 2, 1, 0]
  regular sampling (percentage = 0.25)

*** Running Euler3DTransform registration ***

DIAGNOSTIC,Iteration,metricValue,convergenceValue,ITERATION_TIME_INDEX,SINCE_LAST
 2DIAGNOSTIC,     1, -3.264696042757e-01, 1.797693134862e+308, 2.2839e-01, 2.2839e-01, 
 2DIAGNOSTIC,     2, -3.305855505897e-01, 1.797693134862e+308, 2.3181e-01, 3.4189e-03, 
 2DIAGNOSTIC,     3, -3.367109653249e-01, 1.797693134862e+308, 2.3543e-01, 3.6149e-03, 
 2DIAGNOSTIC,     4, -3.457899255399e-01, 1.797693134862e+308, 2.3915e-01, 3.7220e-03, 
 2DIAGNOSTIC,     5, -3.600215971470e-01, 1.797693134862e+308, 2.4290e-01, 3.7508e-03, 
 2DIAGNOSTIC,     6, -3.806221242607e-01, 1.797693134862e+308, 2.4661e-01, 3.7100e-03, 
 2DIAGNOSTIC,     7, -4.011596343863e-01, 1.797693134862e+308, 2.5035e-01, 3.7429e-03, 
 2DIAGNOSTIC,     8, -4.277509223881e-01, 1.797693134862e+308, 2.5424e-01, 3.8881e-03, 
 2DIAGNOSTIC,     9, -4.675116404775e-01, 1.797693134862e+308, 2.6121e-01, 6.9659e-03, 
 2DIAGNOSTIC,    10, -4.716216252063e-01, 2.643886761609e-02, 2.6726e-01, 6.0530e-03, 
 2DIAGNOSTIC,    11, -4.785478200154e-01, 2.537743994493e-02, 2.7458e-01, 7.3190e-03, 
 2DIAGNOSTIC,    12, -4.853676395874e-01, 2.291524300309e-02, 2.8178e-01, 7.2000e-03, 
 2DIAGNOSTIC,    13, -4.884859172578e-01, 1.932758014449e-02, 2.8691e-01, 5.1341e-03, 
 2DIAGNOSTIC,    14, -5.018243378493e-01, 1.565429015352e-02, 2.9617e-01, 9.2540e-03, 
 2DIAGNOSTIC,    15, -5.080766900947e-01, 1.205073811866e-02, 3.0310e-01, 6.9370e-03, 
 2DIAGNOSTIC,    16, -5.131771075174e-01, 8.968683511797e-03, 3.1161e-01, 8.5099e-03, 
 2DIAGNOSTIC,    17, -5.186076478456e-01, 6.494584122349e-03, 3.2060e-01, 8.9831e-03, 
 2DIAGNOSTIC,    18, -5.191763595427e-01, 4.695689966203e-03, 3.2611e-01, 5.5141e-03, 
 2DIAGNOSTIC,    19, -5.206062839001e-01, 4.083461036290e-03, 3.3231e-01, 6.1951e-03, 
 2DIAGNOSTIC,    20, -5.220547838030e-01, 3.337918145106e-03, 3.3681e-01, 4.5071e-03, 
 2DIAGNOSTIC,    21, -5.232095250756e-01, 2.607465839854e-03, 3.4128e-01, 4.4649e-03, 
 2DIAGNOSTIC,    22, -5.248068847243e-01, 1.954398665060e-03, 3.4730e-01, 6.0170e-03, 
 2DIAGNOSTIC,    23, -5.251759021131e-01, 1.272616535940e-03, 3.5181e-01, 4.5152e-03, 
 2DIAGNOSTIC,    24, -5.274993444299e-01, 9.410311590154e-04, 3.5795e-01, 6.1431e-03, 
 2DIAGNOSTIC,    25, -5.354173381769e-01, 8.971922663071e-04, 3.6622e-01, 8.2631e-03, 
 2DIAGNOSTIC,    26, -5.374439888561e-01, 9.328791794001e-04, 3.7337e-01, 7.1530e-03, 
 2DIAGNOSTIC,    27, -5.394198791857e-01, 1.046503417683e-03, 3.7879e-01, 5.4181e-03, 
 2DIAGNOSTIC,    28, -5.445696103848e-01, 1.177374931544e-03, 3.8313e-01, 4.3371e-03, 
 2DIAGNOSTIC,    29, -5.489331131293e-01, 1.303724837510e-03, 3.8927e-01, 6.1421e-03, 
 2DIAGNOSTIC,    30, -5.499353167010e-01, 1.342847933118e-03, 3.9919e-01, 9.9230e-03, 
 2DIAGNOSTIC,    31, -5.501466288702e-01, 1.279535181743e-03, 4.0593e-01, 6.7379e-03, 
 2DIAGNOSTIC,    32, -5.504361265806e-01, 1.138105483684e-03, 4.1201e-01, 6.0768e-03, 
 2DIAGNOSTIC,    33, -5.508675818207e-01, 9.126855585096e-04, 4.1825e-01, 6.2401e-03, 
 2DIAGNOSTIC,    34, -5.510451677669e-01, 6.546323555990e-04, 4.2400e-01, 5.7580e-03, 
 2DIAGNOSTIC,    35, -5.510590552185e-01, 4.842741949725e-04, 4.3257e-01, 8.5680e-03, 
 2DIAGNOSTIC,    36, -5.510594248764e-01, 3.128622640902e-04, 4.6142e-01, 2.8848e-02, 
 2DIAGNOSTIC,    37, -5.510594248651e-01, 1.519973274368e-04, 4.9055e-01, 2.9128e-02, 
 2DIAGNOSTIC,    38, -5.510594248651e-01, 6.289486663681e-05, 4.9948e-01, 8.9300e-03, 
 2DIAGNOSTIC,    39, -5.510594248651e-01, 3.715876943277e-05, 5.0921e-01, 9.7320e-03, 
 2DIAGNOSTIC,    40, -5.510594248651e-01, 2.386995931578e-05, 5.1708e-01, 7.8671e-03, 
 2DIAGNOSTIC,    41, -5.510594248651e-01, 1.206657176344e-05, 5.2516e-01, 8.0791e-03, 
 2DIAGNOSTIC,    42, -5.510594248651e-01, 3.625327686541e-06, 5.3282e-01, 7.6690e-03, 
 2DIAGNOSTIC,    43, -5.510594248651e-01, 1.011685418103e-06, 5.4054e-01, 7.7169e-03, 
DIAGNOSTIC,Iteration,metricValue,convergenceValue,ITERATION_TIME_INDEX,SINCE_LAST
 2DIAGNOSTIC,     1, -2.395082600447e-01, 1.797693134862e+308, 6.8535e-01, 1.4481e-01, 
 2DIAGNOSTIC,     2, -2.405010904418e-01, 1.797693134862e+308, 6.9113e-01, 5.7769e-03, 
 2DIAGNOSTIC,     3, -2.416984139091e-01, 1.797693134862e+308, 6.9721e-01, 6.0830e-03, 
 2DIAGNOSTIC,     4, -2.436270330363e-01, 1.797693134862e+308, 7.0329e-01, 6.0751e-03, 
 2DIAGNOSTIC,     5, -2.472140781693e-01, 1.797693134862e+308, 7.0853e-01, 5.2450e-03, 
 2DIAGNOSTIC,     6, -2.523272996384e-01, 1.797693134862e+308, 7.1478e-01, 6.2501e-03, 
 2DIAGNOSTIC,     7, -2.615393450882e-01, 1.797693134862e+308, 7.2237e-01, 7.5850e-03, 
 2DIAGNOSTIC,     8, -2.939098823182e-01, 1.797693134862e+308, 7.3798e-01, 1.5617e-02, 
 2DIAGNOSTIC,     9, -2.947162505890e-01, 1.797693134862e+308, 7.4471e-01, 6.7301e-03, 
 2DIAGNOSTIC,    10, -2.968280831722e-01, 1.638536954486e-02, 7.5325e-01, 8.5421e-03, 
 2DIAGNOSTIC,    11, -2.985759555158e-01, 1.615718706566e-02, 7.6048e-01, 7.2210e-03, 
 2DIAGNOSTIC,    12, -3.013222210985e-01, 1.483375650249e-02, 7.6813e-01, 7.6520e-03, 
 2DIAGNOSTIC,    13, -3.046542543950e-01, 1.272214279825e-02, 7.7605e-01, 7.9260e-03, 
 2DIAGNOSTIC,    14, -3.132553575051e-01, 1.055664147903e-02, 7.8469e-01, 8.6341e-03, 
 2DIAGNOSTIC,    15, -3.209543835461e-01, 8.542292827337e-03, 7.9417e-01, 9.4841e-03, 
 2DIAGNOSTIC,    16, -3.230532410681e-01, 6.498931615407e-03, 8.0763e-01, 1.3457e-02, 
 2DIAGNOSTIC,    17, -3.232655462347e-01, 4.650298526705e-03, 8.1993e-01, 1.2302e-02, 
 2DIAGNOSTIC,    18, -3.233587047368e-01, 4.415287339287e-03, 8.2814e-01, 8.2071e-03, 
 2DIAGNOSTIC,    19, -3.235916678781e-01, 3.848565257798e-03, 8.4437e-01, 1.6228e-02, 
 2DIAGNOSTIC,    20, -3.235920349214e-01, 3.087723855610e-03, 8.5246e-01, 8.0941e-03, 
 2DIAGNOSTIC,    21, -3.236412194511e-01, 2.207646705482e-03, 8.6179e-01, 9.3279e-03, 
 2DIAGNOSTIC,    22, -3.236736765739e-01, 1.340097203497e-03, 8.7018e-01, 8.3899e-03, 
 2DIAGNOSTIC,    23, -3.232848280037e-01, 5.502266669677e-04, 8.7887e-01, 8.6920e-03, 
 2DIAGNOSTIC,    24, -3.233165418311e-01, 1.215180778444e-04, 8.8682e-01, 7.9460e-03, 
 2DIAGNOSTIC,    25, -3.232718938942e-01, 1.131208626654e-05, 8.9457e-01, 7.7560e-03, 
DIAGNOSTIC,Iteration,metricValue,convergenceValue,ITERATION_TIME_INDEX,SINCE_LAST
 2DIAGNOSTIC,     1, -2.493534182162e-01, 1.797693134862e+308, 1.0200e+00, 1.2541e-01, 
 2DIAGNOSTIC,     2, -2.501224672795e-01, 1.797693134862e+308, 1.0380e+00, 1.8042e-02, 
 2DIAGNOSTIC,     3, -2.508246284504e-01, 1.797693134862e+308, 1.0526e+00, 1.4574e-02, 
 2DIAGNOSTIC,     4, -2.514504548881e-01, 1.797693134862e+308, 1.0676e+00, 1.5013e-02, 
 2DIAGNOSTIC,     5, -2.518545296444e-01, 1.797693134862e+308, 1.0826e+00, 1.4989e-02, 
 2DIAGNOSTIC,     6, -2.522896149362e-01, 1.797693134862e+308, 1.0969e+00, 1.4270e-02, 
 2DIAGNOSTIC,     7, -2.530695412709e-01, 1.797693134862e+308, 1.1115e+00, 1.4615e-02, 
 2DIAGNOSTIC,     8, -2.538855948498e-01, 1.797693134862e+308, 1.1305e+00, 1.8969e-02, 
 2DIAGNOSTIC,     9, -2.544405538344e-01, 1.797693134862e+308, 1.1525e+00, 2.2024e-02, 
 2DIAGNOSTIC,    10, -2.545343749897e-01, 1.347713931766e-03, 1.1702e+00, 1.7746e-02, 
 2DIAGNOSTIC,    11, -2.546781237965e-01, 1.126118983438e-03, 1.1892e+00, 1.8945e-02, 
 2DIAGNOSTIC,    12, -2.549991896218e-01, 9.415666881261e-04, 1.2128e+00, 2.3636e-02, 
 2DIAGNOSTIC,    13, -2.551267811575e-01, 7.700121024491e-04, 1.2300e+00, 1.7189e-02, 
 2DIAGNOSTIC,    14, -2.552038914638e-01, 6.095894110647e-04, 1.2480e+00, 1.7961e-02, 
 2DIAGNOSTIC,    15, -2.552915964402e-01, 4.529126217088e-04, 1.2691e+00, 2.1147e-02, 
 2DIAGNOSTIC,    16, -2.554221242735e-01, 3.138309788048e-04, 1.2844e+00, 1.5250e-02, 
 2DIAGNOSTIC,    17, -2.555741383557e-01, 2.225037435470e-04, 1.3029e+00, 1.8591e-02, 
 2DIAGNOSTIC,    18, -2.564551994399e-01, 2.255926146168e-04, 1.3221e+00, 1.9147e-02, 
 2DIAGNOSTIC,    19, -2.567569507017e-01, 2.569894377833e-04, 1.3406e+00, 1.8536e-02, 
 2DIAGNOSTIC,    20, -2.568820895747e-01, 2.739750185876e-04, 1.3597e+00, 1.9088e-02, 
 2DIAGNOSTIC,    21, -2.569016326204e-01, 2.729248113954e-04, 1.3768e+00, 1.7105e-02, 
 2DIAGNOSTIC,    22, -2.572850896127e-01, 2.823390539691e-04, 1.3971e+00, 2.0307e-02, 
 2DIAGNOSTIC,    23, -2.616426123204e-01, 4.810242171547e-04, 1.4227e+00, 2.5616e-02, 
 2DIAGNOSTIC,    24, -2.628444521464e-01, 6.712013954079e-04, 1.4404e+00, 1.7667e-02, 
 2DIAGNOSTIC,    25, -2.630858582849e-01, 7.990097393936e-04, 1.4574e+00, 1.6972e-02, 
 2DIAGNOSTIC,    26, -2.636078083191e-01, 8.733478154378e-04, 1.4812e+00, 2.3822e-02, 
 2DIAGNOSTIC,    27, -2.636347469565e-01, 8.658843418959e-04, 1.5149e+00, 3.3716e-02, 
 2DIAGNOSTIC,    28, -2.636555258631e-01, 8.101972335108e-04, 1.5330e+00, 1.8088e-02, 
 2DIAGNOSTIC,    29, -2.636492714567e-01, 6.924177571665e-04, 1.5511e+00, 1.8084e-02, 
 2DIAGNOSTIC,    30, -2.637205318051e-01, 5.270651693318e-04, 1.5679e+00, 1.6777e-02, 
 2DIAGNOSTIC,    31, -2.636936819610e-01, 3.244315955415e-04, 1.5859e+00, 1.8005e-02, 
 2DIAGNOSTIC,    32, -2.637208218083e-01, 1.146441248232e-04, 1.6027e+00, 1.6846e-02, 
 2DIAGNOSTIC,    33, -2.636958592235e-01, 5.138519861178e-05, 1.6212e+00, 1.8488e-02, 
 2DIAGNOSTIC,    34, -2.637163508749e-01, 2.685111935229e-05, 1.6407e+00, 1.9499e-02, 
 2DIAGNOSTIC,    35, -2.637561292733e-01, 9.657521865034e-06, 1.7064e+00, 6.5702e-02, 
 2DIAGNOSTIC,    36, -2.637561292126e-01, 8.539816647349e-06, 1.7758e+00, 6.9440e-02, 
 2DIAGNOSTIC,    37, -2.637561292126e-01, 7.590814096636e-06, 1.8030e+00, 2.7115e-02, 
 2DIAGNOSTIC,    38, -2.637561292126e-01, 6.699303309130e-06, 1.8257e+00, 2.2755e-02, 
 2DIAGNOSTIC,    39, -2.637561292126e-01, 5.055696032354e-06, 1.8523e+00, 2.6579e-02, 
 2DIAGNOSTIC,    40, -2.637561292126e-01, 5.051418456078e-06, 1.8739e+00, 2.1568e-02, 
 2DIAGNOSTIC,    41, -2.637561292126e-01, 3.899028864291e-06, 1.8937e+00, 1.9801e-02, 
 2DIAGNOSTIC,    42, -2.637561292126e-01, 3.258249412937e-06, 1.9139e+00, 2.0258e-02, 
 2DIAGNOSTIC,    43, -2.637561292126e-01, 1.770081015380e-06, 1.9338e+00, 1.9857e-02, 
DIAGNOSTIC,Iteration,metricValue,convergenceValue,ITERATION_TIME_INDEX,SINCE_LAST
 2DIAGNOSTIC,     1, -2.157466802462e-01, 1.797693134862e+308, 2.1250e+00, 1.9124e-01, 
 2DIAGNOSTIC,     2, -2.161048849367e-01, 1.797693134862e+308, 2.2164e+00, 9.1334e-02, 
 2DIAGNOSTIC,     3, -2.163110510005e-01, 1.797693134862e+308, 2.2973e+00, 8.0953e-02, 
 2DIAGNOSTIC,     4, -2.164881860641e-01, 1.797693134862e+308, 2.3823e+00, 8.4995e-02, 
 2DIAGNOSTIC,     5, -2.168366387784e-01, 1.797693134862e+308, 2.4659e+00, 8.3583e-02, 
 2DIAGNOSTIC,     6, -2.176691025692e-01, 1.797693134862e+308, 2.5505e+00, 8.4642e-02, 
 2DIAGNOSTIC,     7, -2.183355384742e-01, 1.797693134862e+308, 2.6588e+00, 1.0822e-01, 
 2DIAGNOSTIC,     8, -2.184139611579e-01, 1.797693134862e+308, 2.7385e+00, 7.9745e-02, 
 2DIAGNOSTIC,     9, -2.185862794698e-01, 1.797693134862e+308, 2.8203e+00, 8.1794e-02, 
 2DIAGNOSTIC,    10, -2.191565640490e-01, 1.056269389047e-03, 2.9382e+00, 1.1795e-01, 
 2DIAGNOSTIC,    11, -2.199340605108e-01, 1.028146026545e-03, 3.0671e+00, 1.2886e-01, 
 2DIAGNOSTIC,    12, -2.202325274525e-01, 9.814560226562e-04, 3.1703e+00, 1.0322e-01, 
 2DIAGNOSTIC,    13, -2.203694098375e-01, 8.899211638729e-04, 3.2523e+00, 8.1995e-02, 
 2DIAGNOSTIC,    14, -2.206429564615e-01, 7.745803584864e-04, 3.3355e+00, 8.3177e-02, 
 2DIAGNOSTIC,    15, -2.207767913498e-01, 6.436251743047e-04, 3.4285e+00, 9.2966e-02, 
 2DIAGNOSTIC,    16, -2.208518724514e-01, 5.417413262078e-04, 3.5130e+00, 8.4568e-02, 
 2DIAGNOSTIC,    17, -2.209480944752e-01, 4.609538863442e-04, 3.5948e+00, 8.1756e-02, 
 2DIAGNOSTIC,    18, -2.210737268853e-01, 3.623173069844e-04, 3.6795e+00, 8.4672e-02, 
 2DIAGNOSTIC,    19, -2.212426799042e-01, 2.634692698248e-04, 3.7639e+00, 8.4408e-02, 
 2DIAGNOSTIC,    20, -2.213953345019e-01, 1.957715941185e-04, 3.8600e+00, 9.6148e-02, 
 2DIAGNOSTIC,    21, -2.215035848567e-01, 1.708994462039e-04, 3.9651e+00, 1.0504e-01, 
 2DIAGNOSTIC,    22, -2.215064010013e-01, 1.502946363022e-04, 4.0521e+00, 8.7069e-02, 
 2DIAGNOSTIC,    23, -2.215303706051e-01, 1.263910384525e-04, 4.1351e+00, 8.2972e-02, 
 2DIAGNOSTIC,    24, -2.221838946134e-01, 1.425664896561e-04, 4.2319e+00, 9.6775e-02, 
 2DIAGNOSTIC,    25, -2.224601426559e-01, 1.643153280392e-04, 4.3652e+00, 1.3337e-01, 
 2DIAGNOSTIC,    26, -2.225640442622e-01, 1.779188345563e-04, 4.4588e+00, 9.3514e-02, 
 2DIAGNOSTIC,    27, -2.225787939961e-01, 1.797265882056e-04, 4.5544e+00, 9.5689e-02, 
 2DIAGNOSTIC,    28, -2.225735814209e-01, 1.701854595412e-04, 4.6387e+00, 8.4267e-02, 
 2DIAGNOSTIC,    29, -2.226094800897e-01, 1.538900950833e-04, 4.7210e+00, 8.2324e-02, 
 2DIAGNOSTIC,    30, -2.226459799126e-01, 1.319185768176e-04, 4.8087e+00, 8.7684e-02, 
 2DIAGNOSTIC,    31, -2.226692625326e-01, 1.047803154351e-04, 4.8918e+00, 8.3124e-02, 
 2DIAGNOSTIC,    32, -2.228487825985e-01, 7.734059781567e-05, 4.9763e+00, 8.4491e-02, 
 2DIAGNOSTIC,    33, -2.231688151196e-01, 5.708038362433e-05, 5.0904e+00, 1.1410e-01, 
 2DIAGNOSTIC,    34, -2.232273506077e-01, 5.918053012073e-05, 5.1844e+00, 9.3990e-02, 
 2DIAGNOSTIC,    35, -2.233063674094e-01, 6.875950781670e-05, 5.2681e+00, 8.3668e-02, 
 2DIAGNOSTIC,    36, -2.234493398221e-01, 8.027519206258e-05, 5.3516e+00, 8.3528e-02, 
 2DIAGNOSTIC,    37, -2.239241943549e-01, 1.004580355543e-04, 5.4364e+00, 8.4751e-02, 
 2DIAGNOSTIC,    38, -2.245336319805e-01, 1.299623097655e-04, 5.5617e+00, 1.2530e-01, 
 2DIAGNOSTIC,    39, -2.247494111829e-01, 1.536072022873e-04, 5.6553e+00, 9.3610e-02, 
 2DIAGNOSTIC,    40, -2.248198140274e-01, 1.653563698229e-04, 5.7480e+00, 9.2678e-02, 
 2DIAGNOSTIC,    41, -2.251261431531e-01, 1.713330822958e-04, 5.8402e+00, 9.2221e-02, 
 2DIAGNOSTIC,    42, -2.252265402140e-01, 1.686180486686e-04, 5.9741e+00, 1.3390e-01, 
 2DIAGNOSTIC,    43, -2.252277316412e-01, 1.593184951927e-04, 6.0696e+00, 9.5481e-02, 
 2DIAGNOSTIC,    44, -2.252208569657e-01, 1.370142430095e-04, 6.1725e+00, 1.0294e-01, 
 2DIAGNOSTIC,    45, -2.252192851881e-01, 1.051903939442e-04, 6.3090e+00, 1.3652e-01, 
 2DIAGNOSTIC,    46, -2.252192874821e-01, 6.852806900714e-05, 6.4610e+00, 1.5197e-01, 
 2DIAGNOSTIC,    47, -2.252192874871e-01, 3.946066845093e-05, 6.6070e+00, 1.4599e-01, 
 2DIAGNOSTIC,    48, -2.252192874871e-01, 2.416802017319e-05, 6.7270e+00, 1.2000e-01, 
 2DIAGNOSTIC,    49, -2.252192874871e-01, 1.299189894804e-05, 6.8216e+00, 9.4654e-02, 
 2DIAGNOSTIC,    50, -2.252192874871e-01, 2.699467392588e-06, 6.9126e+00, 9.0981e-02, 
  Elapsed time (stage 0): 6.9906e+00


Stage 1
  iterations = 1000x500x250x100
  convergence threshold = 1.0000e-06
  convergence window size = 10
  number of levels = 4
  using the Mattes MI metric (number of bins = 32, weight = 1.0000e+00)
  preprocessing:  winsorizing the image intensities
  Shrink factors (level 1 out of 4): [8, 8, 8]
  Shrink factors (level 2 out of 4): [4, 4, 4]
  Shrink factors (level 3 out of 4): [2, 2, 2]
  Shrink factors (level 4 out of 4): [1, 1, 1]
  smoothing sigmas per level: [3, 2, 1, 0]
  regular sampling (percentage = 2.5000e-01)

*** Running AffineTransform registration ***

DIAGNOSTIC,Iteration,metricValue,convergenceValue,ITERATION_TIME_INDEX,SINCE_LAST
 2DIAGNOSTIC,     1, -4.824301604186e-01, 1.797693134862e+308, 2.2229e-01, 2.2229e-01, 
 2DIAGNOSTIC,     2, -4.855493319346e-01, 1.797693134862e+308, 2.2625e-01, 3.9620e-03, 
 2DIAGNOSTIC,     3, -4.908654679312e-01, 1.797693134862e+308, 2.3051e-01, 4.2598e-03, 
 2DIAGNOSTIC,     4, -4.988407186610e-01, 1.797693134862e+308, 2.3492e-01, 4.4081e-03, 
 2DIAGNOSTIC,     5, -5.077158394211e-01, 1.797693134862e+308, 2.3974e-01, 4.8249e-03, 
 2DIAGNOSTIC,     6, -5.154696465361e-01, 1.797693134862e+308, 2.4402e-01, 4.2820e-03, 
 2DIAGNOSTIC,     7, -5.294999175718e-01, 1.797693134862e+308, 2.4843e-01, 4.4110e-03, 
 2DIAGNOSTIC,     8, -5.615065764700e-01, 1.797693134862e+308, 2.5276e-01, 4.3230e-03, 
 2DIAGNOSTIC,     9, -6.727521339699e-01, 1.797693134862e+308, 2.5965e-01, 6.8951e-03, 
 2DIAGNOSTIC,    10, -7.060312840762e-01, 2.358839191449e-02, 2.6909e-01, 9.4371e-03, 
 2DIAGNOSTIC,    11, -6.991986044058e-01, 2.547442200853e-02, 2.7804e-01, 8.9531e-03, 
 2DIAGNOSTIC,    12, -7.082197442056e-01, 2.529633308160e-02, 2.9216e-01, 1.4120e-02, 
 2DIAGNOSTIC,    13, -7.116520127960e-01, 2.319696188370e-02, 2.9872e-01, 6.5601e-03, 
 2DIAGNOSTIC,    14, -7.179425173869e-01, 1.978523835725e-02, 3.0529e-01, 6.5720e-03, 
 2DIAGNOSTIC,    15, -7.249217982309e-01, 1.560993300361e-02, 3.1206e-01, 6.7639e-03, 
 2DIAGNOSTIC,    16, -7.298515635031e-01, 1.105712149703e-02, 3.1865e-01, 6.5939e-03, 
 2DIAGNOSTIC,    17, -7.381422211006e-01, 6.757044584316e-03, 3.2647e-01, 7.8220e-03, 
 2DIAGNOSTIC,    18, -7.471489815333e-01, 3.363839979621e-03, 3.3576e-01, 9.2862e-03, 
 2DIAGNOSTIC,    19, -7.542858321615e-01, 2.867303047204e-03, 3.4315e-01, 7.3860e-03, 
 2DIAGNOSTIC,    20, -7.586492098089e-01, 3.010224939785e-03, 3.4982e-01, 6.6738e-03, 
 2DIAGNOSTIC,    21, -7.681455937380e-01, 2.910279570605e-03, 3.6044e-01, 1.0618e-02, 
 2DIAGNOSTIC,    22, -7.865554165009e-01, 3.089911419348e-03, 3.6718e-01, 6.7401e-03, 
 2DIAGNOSTIC,    23, -7.911810919981e-01, 3.104699115307e-03, 3.7356e-01, 6.3820e-03, 
 2DIAGNOSTIC,    24, -8.274895305332e-01, 3.585122211174e-03, 3.8504e-01, 1.1480e-02, 
 2DIAGNOSTIC,    25, -8.442971449135e-01, 4.072461978449e-03, 3.9413e-01, 9.0880e-03, 
 2DIAGNOSTIC,    26, -8.465794269211e-01, 4.246188156312e-03, 4.0067e-01, 6.5479e-03, 
 2DIAGNOSTIC,    27, -8.486187046069e-01, 4.170549110668e-03, 4.0717e-01, 6.4991e-03, 
 2DIAGNOSTIC,    28, -8.501534157867e-01, 3.866034709663e-03, 4.1489e-01, 7.7121e-03, 
 2DIAGNOSTIC,    29, -8.504088780564e-01, 3.323904733882e-03, 4.2300e-01, 8.1151e-03, 
 2DIAGNOSTIC,    30, -8.505924631663e-01, 2.570477114139e-03, 4.3102e-01, 8.0142e-03, 
 2DIAGNOSTIC,    31, -8.507787155978e-01, 1.760504914818e-03, 4.3867e-01, 7.6580e-03, 
 2DIAGNOSTIC,    32, -8.509449658975e-01, 1.084754468652e-03, 4.4569e-01, 7.0162e-03, 
 2DIAGNOSTIC,    33, -8.523355421538e-01, 4.181414904416e-04, 4.5208e-01, 6.3901e-03, 
 2DIAGNOSTIC,    34, -8.541283978060e-01, 1.968667347131e-04, 4.5932e-01, 7.2389e-03, 
 2DIAGNOSTIC,    35, -8.586247712300e-01, 2.110554513581e-04, 4.6892e-01, 9.6009e-03, 
 2DIAGNOSTIC,    36, -8.611002601752e-01, 2.548159822955e-04, 4.7837e-01, 9.4500e-03, 
 2DIAGNOSTIC,    37, -8.626377974890e-01, 3.090357993994e-04, 4.8927e-01, 1.0896e-02, 
 2DIAGNOSTIC,    38, -8.627087066219e-01, 3.473488457357e-04, 4.9433e-01, 5.0602e-03, 
 2DIAGNOSTIC,    39, -8.630304653366e-01, 3.562467631269e-04, 4.9915e-01, 4.8230e-03, 
 2DIAGNOSTIC,    40, -8.633869826638e-01, 3.355345102605e-04, 5.0393e-01, 4.7860e-03, 
 2DIAGNOSTIC,    41, -8.637237232751e-01, 2.888090296542e-04, 5.0868e-01, 4.7441e-03, 
 2DIAGNOSTIC,    42, -8.639639036549e-01, 2.211405898257e-04, 5.1331e-01, 4.6358e-03, 
 2DIAGNOSTIC,    43, -8.641748181561e-01, 1.506199104871e-04, 5.2060e-01, 7.2889e-03, 
 2DIAGNOSTIC,    44, -8.642533367335e-01, 8.494200221014e-05, 5.2618e-01, 5.5780e-03, 
 2DIAGNOSTIC,    45, -8.644010365195e-01, 5.305818288372e-05, 5.3263e-01, 6.4480e-03, 
 2DIAGNOSTIC,    46, -8.645022924059e-01, 3.846475510324e-05, 5.3750e-01, 4.8740e-03, 
 2DIAGNOSTIC,    47, -8.646759904981e-01, 3.464572277629e-05, 5.4430e-01, 6.8009e-03, 
 2DIAGNOSTIC,    48, -8.647322039525e-01, 2.871948319352e-05, 5.5102e-01, 6.7170e-03, 
 2DIAGNOSTIC,    49, -8.647700999372e-01, 2.310990028786e-05, 5.5757e-01, 6.5441e-03, 
 2DIAGNOSTIC,    50, -8.650098648069e-01, 2.001779109117e-05, 5.6507e-01, 7.5071e-03, 
 2DIAGNOSTIC,    51, -8.651215387588e-01, 1.839316240175e-05, 5.7082e-01, 5.7461e-03, 
 2DIAGNOSTIC,    52, -8.652180705694e-01, 1.749888957157e-05, 5.7725e-01, 6.4359e-03, 
 2DIAGNOSTIC,    53, -8.652322053900e-01, 1.661324929766e-05, 5.8598e-01, 8.7249e-03, 
 2DIAGNOSTIC,    54, -8.652441229574e-01, 1.485854641910e-05, 5.9207e-01, 6.0921e-03, 
 2DIAGNOSTIC,    55, -8.653374453569e-01, 1.340360247631e-05, 6.0032e-01, 8.2500e-03, 
 2DIAGNOSTIC,    56, -8.654242692751e-01, 1.195499984813e-05, 6.0665e-01, 6.3281e-03, 
 2DIAGNOSTIC,    57, -8.654664079566e-01, 1.085915734153e-05, 6.1463e-01, 7.9780e-03, 
DIAGNOSTIC,Iteration,metricValue,convergenceValue,ITERATION_TIME_INDEX,SINCE_LAST
 2DIAGNOSTIC,     1, -3.350119024911e-01, 1.797693134862e+308, 7.5890e-01, 1.4427e-01, 
 2DIAGNOSTIC,     2, -3.361294845620e-01, 1.797693134862e+308, 7.6471e-01, 5.8119e-03, 
 2DIAGNOSTIC,     3, -3.377555710080e-01, 1.797693134862e+308, 7.7032e-01, 5.6059e-03, 
 2DIAGNOSTIC,     4, -3.413113183915e-01, 1.797693134862e+308, 7.7656e-01, 6.2370e-03, 
 2DIAGNOSTIC,     5, -3.515413389545e-01, 1.797693134862e+308, 7.8336e-01, 6.8040e-03, 
 2DIAGNOSTIC,     6, -3.624876308791e-01, 1.797693134862e+308, 7.9183e-01, 8.4689e-03, 
 2DIAGNOSTIC,     7, -3.635984600202e-01, 1.797693134862e+308, 7.9923e-01, 7.4010e-03, 
 2DIAGNOSTIC,     8, -3.648175392226e-01, 1.797693134862e+308, 8.0507e-01, 5.8360e-03, 
 2DIAGNOSTIC,     9, -3.668749940394e-01, 1.797693134862e+308, 8.1199e-01, 6.9242e-03, 
 2DIAGNOSTIC,    10, -3.728627705289e-01, 7.721066477738e-03, 8.2246e-01, 1.0474e-02, 
 2DIAGNOSTIC,    11, -3.727646067372e-01, 6.671947988917e-03, 8.3470e-01, 1.2234e-02, 
 2DIAGNOSTIC,    12, -3.729875803970e-01, 5.312722726620e-03, 8.4318e-01, 8.4820e-03, 
 2DIAGNOSTIC,    13, -3.736160557674e-01, 3.846732635274e-03, 8.5311e-01, 9.9289e-03, 
 2DIAGNOSTIC,    14, -3.744985464821e-01, 2.488668433535e-03, 8.6150e-01, 8.3950e-03, 
 2DIAGNOSTIC,    15, -3.768835007175e-01, 1.734483039824e-03, 8.6939e-01, 7.8840e-03, 
 2DIAGNOSTIC,    16, -3.785302249791e-01, 1.536439735886e-03, 8.7649e-01, 7.0980e-03, 
 2DIAGNOSTIC,    17, -3.805504765332e-01, 1.369465023227e-03, 8.8358e-01, 7.0951e-03, 
 2DIAGNOSTIC,    18, -3.824057978429e-01, 1.229029898644e-03, 8.9227e-01, 8.6930e-03, 
 2DIAGNOSTIC,    19, -3.840844997492e-01, 1.135603996770e-03, 8.9855e-01, 6.2780e-03, 
 2DIAGNOSTIC,    20, -3.850047220883e-01, 1.214194633892e-03, 9.0706e-01, 8.5051e-03, 
 2DIAGNOSTIC,    21, -3.876956187793e-01, 1.267349065921e-03, 9.1663e-01, 9.5770e-03, 
 2DIAGNOSTIC,    22, -3.885890603065e-01, 1.234713686748e-03, 9.2712e-01, 1.0482e-02, 
 2DIAGNOSTIC,    23, -3.886633741567e-01, 1.113754674979e-03, 9.3762e-01, 1.0505e-02, 
 2DIAGNOSTIC,    24, -3.905053779852e-01, 9.864251976409e-04, 9.4733e-01, 9.7051e-03, 
 2DIAGNOSTIC,    25, -3.912510448513e-01, 8.716692398920e-04, 9.5504e-01, 7.7100e-03, 
 2DIAGNOSTIC,    26, -3.913801507039e-01, 7.351016257452e-04, 9.6611e-01, 1.1077e-02, 
 2DIAGNOSTIC,    27, -3.914930441742e-01, 6.003260545440e-04, 9.7451e-01, 8.4000e-03, 
 2DIAGNOSTIC,    28, -3.915488659556e-01, 4.714701946754e-04, 9.8284e-01, 8.3270e-03, 
 2DIAGNOSTIC,    29, -3.916536909751e-01, 3.541091208761e-04, 9.9227e-01, 9.4278e-03, 
 2DIAGNOSTIC,    30, -3.954521869085e-01, 3.288857399305e-04, 1.0030e+00, 1.0774e-02, 
 2DIAGNOSTIC,    31, -3.957387530925e-01, 3.446358997504e-04, 1.0105e+00, 7.4780e-03, 
 2DIAGNOSTIC,    32, -3.958390625188e-01, 3.519873293931e-04, 1.0199e+00, 9.4039e-03, 
 2DIAGNOSTIC,    33, -3.960045230631e-01, 3.315594722583e-04, 1.0282e+00, 8.3201e-03, 
 2DIAGNOSTIC,    34, -3.960586961240e-01, 3.224102026908e-04, 1.0429e+00, 1.4629e-02, 
 2DIAGNOSTIC,    35, -3.961008007215e-01, 2.988743566775e-04, 1.0520e+00, 9.0899e-03, 
 2DIAGNOSTIC,    36, -3.934104831374e-01, 1.945453816120e-04, 1.0664e+00, 1.4456e-02, 
 2DIAGNOSTIC,    37, -3.934497589607e-01, 8.354397137808e-05, 1.0771e+00, 1.0664e-02, 
DIAGNOSTIC,Iteration,metricValue,convergenceValue,ITERATION_TIME_INDEX,SINCE_LAST
 2DIAGNOSTIC,     1, -2.362193034837e-01, 1.797693134862e+308, 1.1990e+00, 1.2188e-01, 
 2DIAGNOSTIC,     2, -2.372186710263e-01, 1.797693134862e+308, 1.2194e+00, 2.0409e-02, 
 2DIAGNOSTIC,     3, -2.389288441444e-01, 1.797693134862e+308, 1.2379e+00, 1.8525e-02, 
 2DIAGNOSTIC,     4, -2.416012732552e-01, 1.797693134862e+308, 1.2571e+00, 1.9170e-02, 
 2DIAGNOSTIC,     5, -2.472640666306e-01, 1.797693134862e+308, 1.2861e+00, 2.9017e-02, 
 2DIAGNOSTIC,     6, -2.473652068673e-01, 1.797693134862e+308, 1.3053e+00, 1.9236e-02, 
 2DIAGNOSTIC,     7, -2.474993797640e-01, 1.797693134862e+308, 1.3246e+00, 1.9286e-02, 
 2DIAGNOSTIC,     8, -2.478956425616e-01, 1.797693134862e+308, 1.3434e+00, 1.8793e-02, 
 2DIAGNOSTIC,     9, -2.487277485564e-01, 1.797693134862e+308, 1.3617e+00, 1.8323e-02, 
 2DIAGNOSTIC,    10, -2.514636493261e-01, 3.999084718511e-03, 1.3961e+00, 3.4420e-02, 
 2DIAGNOSTIC,    11, -2.514106619764e-01, 3.214810181660e-03, 1.4315e+00, 3.5340e-02, 
 2DIAGNOSTIC,    12, -2.514991295303e-01, 2.393340228348e-03, 1.4526e+00, 2.1078e-02, 
 2DIAGNOSTIC,    13, -2.516444179212e-01, 1.652555859908e-03, 1.4741e+00, 2.1578e-02, 
 2DIAGNOSTIC,    14, -2.519316414140e-01, 1.098342079358e-03, 1.4942e+00, 2.0018e-02, 
 2DIAGNOSTIC,    15, -2.524201806904e-01, 9.879229162910e-04, 1.5151e+00, 2.0920e-02, 
 2DIAGNOSTIC,    16, -2.527476229730e-01, 8.318099607553e-04, 1.5348e+00, 1.9749e-02, 
 2DIAGNOSTIC,    17, -2.530546358494e-01, 6.507829710948e-04, 1.5548e+00, 2.0017e-02, 
 2DIAGNOSTIC,    18, -2.533829567737e-01, 4.770160322798e-04, 1.5767e+00, 2.1895e-02, 
 2DIAGNOSTIC,    19, -2.538821923789e-01, 3.530002903809e-04, 1.6000e+00, 2.3233e-02, 
 2DIAGNOSTIC,    20, -2.548619108875e-01, 4.208155845676e-04, 1.6211e+00, 2.1177e-02, 
 2DIAGNOSTIC,    21, -2.554923161727e-01, 4.732005234028e-04, 1.6481e+00, 2.6981e-02, 
 2DIAGNOSTIC,    22, -2.562580695708e-01, 5.210093391182e-04, 1.6697e+00, 2.1596e-02, 
 2DIAGNOSTIC,    23, -2.565586074519e-01, 5.378557414159e-04, 1.6919e+00, 2.2202e-02, 
 2DIAGNOSTIC,    24, -2.569801810074e-01, 5.362376216107e-04, 1.7122e+00, 2.0256e-02, 
 2DIAGNOSTIC,    25, -2.580917993986e-01, 5.564336091390e-04, 1.7411e+00, 2.8955e-02, 
 2DIAGNOSTIC,    26, -2.584612628114e-01, 5.517038779938e-04, 1.7653e+00, 2.4126e-02, 
 2DIAGNOSTIC,    27, -2.586636752799e-01, 5.171605817529e-04, 1.7894e+00, 2.4127e-02, 
 2DIAGNOSTIC,    28, -2.589015401778e-01, 4.600290969947e-04, 1.8143e+00, 2.4890e-02, 
 2DIAGNOSTIC,    29, -2.594911507098e-01, 4.053548680339e-04, 1.8379e+00, 2.3642e-02, 
 2DIAGNOSTIC,    30, -2.595916056476e-01, 3.555500104783e-04, 1.8605e+00, 2.2543e-02, 
 2DIAGNOSTIC,    31, -2.601607642289e-01, 3.186425209277e-04, 1.8823e+00, 2.1860e-02, 
 2DIAGNOSTIC,    32, -2.611688258666e-01, 3.166034687793e-04, 1.9039e+00, 2.1572e-02, 
 2DIAGNOSTIC,    33, -2.639797838223e-01, 3.901092064092e-04, 1.9256e+00, 2.1712e-02, 
 2DIAGNOSTIC,    34, -2.697499712866e-01, 6.233180513125e-04, 1.9531e+00, 2.7445e-02, 
 2DIAGNOSTIC,    35, -2.706199123010e-01, 8.426985989041e-04, 1.9830e+00, 2.9970e-02, 
 2DIAGNOSTIC,    36, -2.710835870632e-01, 9.976265094364e-04, 2.0053e+00, 2.2264e-02, 
 2DIAGNOSTIC,    37, -2.711345868666e-01, 1.058507207146e-03, 2.0318e+00, 2.6481e-02, 
 2DIAGNOSTIC,    38, -2.718034776965e-01, 1.040162601673e-03, 2.0537e+00, 2.1894e-02, 
 2DIAGNOSTIC,    39, -2.720280580427e-01, 9.442441451840e-04, 2.0726e+00, 1.8957e-02, 
 2DIAGNOSTIC,    40, -2.722311494525e-01, 7.721838890034e-04, 2.1002e+00, 2.7591e-02, 
 2DIAGNOSTIC,    41, -2.724065603647e-01, 5.582671615212e-04, 2.1225e+00, 2.2321e-02, 
 2DIAGNOSTIC,    42, -2.726191505884e-01, 3.341719516516e-04, 2.1464e+00, 2.3838e-02, 
 2DIAGNOSTIC,    43, -2.725332284508e-01, 1.552868388691e-04, 2.1704e+00, 2.4052e-02, 
 2DIAGNOSTIC,    44, -2.726559267222e-01, 1.177231333650e-04, 2.1967e+00, 2.6279e-02, 
 2DIAGNOSTIC,    45, -2.726322901375e-01, 9.130585694787e-05, 2.2179e+00, 2.1188e-02, 
 2DIAGNOSTIC,    46, -2.728298967845e-01, 7.343670512070e-05, 2.2418e+00, 2.3940e-02, 
 2DIAGNOSTIC,    47, -2.729860128049e-01, 5.377379775176e-05, 2.2684e+00, 2.6530e-02, 
 2DIAGNOSTIC,    48, -2.730453699129e-01, 4.649256741434e-05, 2.2904e+00, 2.2000e-02, 
 2DIAGNOSTIC,    49, -2.731488855924e-01, 4.252428639881e-05, 2.3144e+00, 2.4027e-02, 
 2DIAGNOSTIC,    50, -2.732176453694e-01, 4.058164901066e-05, 2.3356e+00, 2.1201e-02, 
 2DIAGNOSTIC,    51, -2.733726804009e-01, 4.180424870097e-05, 2.3595e+00, 2.3959e-02, 
 2DIAGNOSTIC,    52, -2.734377241566e-01, 4.483380213191e-05, 2.3822e+00, 2.2626e-02, 
 2DIAGNOSTIC,    53, -2.737592004422e-01, 4.833314035373e-05, 2.4164e+00, 3.4182e-02, 
 2DIAGNOSTIC,    54, -2.737843692859e-01, 5.006022480935e-05, 2.4399e+00, 2.3543e-02, 
 2DIAGNOSTIC,    55, -2.738250283852e-01, 4.730045363504e-05, 2.4627e+00, 2.2835e-02, 
 2DIAGNOSTIC,    56, -2.738759929601e-01, 4.498418955391e-05, 2.4875e+00, 2.4724e-02, 
 2DIAGNOSTIC,    57, -2.738859597932e-01, 4.161090992798e-05, 2.5085e+00, 2.1041e-02, 
 2DIAGNOSTIC,    58, -2.738961585085e-01, 3.564175492231e-05, 2.5807e+00, 7.2232e-02, 
 2DIAGNOSTIC,    59, -2.738961584387e-01, 2.841957720394e-05, 2.6030e+00, 2.2266e-02, 
 2DIAGNOSTIC,    60, -2.738961584960e-01, 2.003330458095e-05, 2.6246e+00, 2.1577e-02, 
 2DIAGNOSTIC,    61, -2.738961585928e-01, 1.284794814466e-05, 2.6459e+00, 2.1305e-02, 
 2DIAGNOSTIC,    62, -2.738961587560e-01, 5.708251617147e-06, 2.6684e+00, 2.2504e-02, 
 2DIAGNOSTIC,    63, -2.738961590306e-01, 3.844894122987e-06, 2.6903e+00, 2.1952e-02, 
 2DIAGNOSTIC,    64, -2.738961594911e-01, 2.141798477049e-06, 2.7116e+00, 2.1290e-02, 
DIAGNOSTIC,Iteration,metricValue,convergenceValue,ITERATION_TIME_INDEX,SINCE_LAST
 2DIAGNOSTIC,     1, -2.042414861831e-01, 1.797693134862e+308, 2.9396e+00, 2.2799e-01, 
 2DIAGNOSTIC,     2, -2.045807124171e-01, 1.797693134862e+308, 3.0640e+00, 1.2438e-01, 
 2DIAGNOSTIC,     3, -2.046447752612e-01, 1.797693134862e+308, 3.1744e+00, 1.1045e-01, 
 2DIAGNOSTIC,     4, -2.047486463031e-01, 1.797693134862e+308, 3.2870e+00, 1.1258e-01, 
 2DIAGNOSTIC,     5, -2.050339717367e-01, 1.797693134862e+308, 3.4018e+00, 1.1480e-01, 
 2DIAGNOSTIC,     6, -2.056032242192e-01, 1.797693134862e+308, 3.5134e+00, 1.1160e-01, 
 2DIAGNOSTIC,     7, -2.059132715993e-01, 1.797693134862e+308, 3.6509e+00, 1.3743e-01, 
 2DIAGNOSTIC,     8, -2.065136409485e-01, 1.797693134862e+308, 3.7901e+00, 1.3921e-01, 
 2DIAGNOSTIC,     9, -2.065693412262e-01, 1.797693134862e+308, 3.9006e+00, 1.1050e-01, 
 2DIAGNOSTIC,    10, -2.068424592179e-01, 8.729829038396e-04, 3.9962e+00, 9.5632e-02, 
 2DIAGNOSTIC,    11, -2.069971538103e-01, 8.016874594492e-04, 4.1034e+00, 1.0723e-01, 
 2DIAGNOSTIC,    12, -2.073278329648e-01, 7.471222169205e-04, 4.2448e+00, 1.4142e-01, 
 2DIAGNOSTIC,    13, -2.074477150397e-01, 6.528171069464e-04, 4.4150e+00, 1.7020e-01, 
 2DIAGNOSTIC,    14, -2.074626745102e-01, 5.250036700624e-04, 4.5365e+00, 1.2141e-01, 
 2DIAGNOSTIC,    15, -2.074693982722e-01, 3.933316240839e-04, 4.6827e+00, 1.4622e-01, 
 2DIAGNOSTIC,    16, -2.074695753560e-01, 2.911042622325e-04, 4.8458e+00, 1.6314e-01, 
 2DIAGNOSTIC,    17, -2.074695794744e-01, 1.980105525169e-04, 5.0033e+00, 1.5744e-01, 
 2DIAGNOSTIC,    18, -2.074695795794e-01, 1.432278398624e-04, 5.3348e+00, 3.3153e-01, 
 2DIAGNOSTIC,    19, -2.074695795794e-01, 8.508100495781e-05, 5.4946e+00, 1.5983e-01, 
 2DIAGNOSTIC,    20, -2.074695795794e-01, 4.392284746211e-05, 5.6156e+00, 1.2099e-01, 
 2DIAGNOSTIC,    21, -2.074695795794e-01, 1.238777772862e-05, 5.7395e+00, 1.2390e-01, 
 2DIAGNOSTIC,    22, -2.074695795794e-01, 3.205488429470e-06, 5.8760e+00, 1.3649e-01, 
 2DIAGNOSTIC,    23, -2.074695795794e-01, 1.811760831187e-06, 6.0001e+00, 1.2406e-01, 
 2DIAGNOSTIC,    24, -2.074695795794e-01, 1.341539949302e-06, 6.1229e+00, 1.2285e-01, 
 2DIAGNOSTIC,    25, -2.074695795794e-01, 1.277719719271e-06, 6.2642e+00, 1.4131e-01, 
 2DIAGNOSTIC,    26, -2.074695795794e-01, 1.228165148706e-06, 6.3994e+00, 1.3519e-01, 
 2DIAGNOSTIC,    27, -2.074695795794e-01, 1.182503919506e-06, 6.5232e+00, 1.2380e-01, 
 2DIAGNOSTIC,    28, -2.074695795794e-01, 1.140120995655e-06, 6.6433e+00, 1.2012e-01, 
 2DIAGNOSTIC,    29, -2.074695795794e-01, 1.100671097272e-06, 6.7675e+00, 1.2419e-01, 
 2DIAGNOSTIC,    30, -2.074695795794e-01, 1.063859945728e-06, 6.8902e+00, 1.2268e-01, 
 2DIAGNOSTIC,    31, -2.074695795794e-01, 1.029431355985e-06, 7.0300e+00, 1.3984e-01, 
  Elapsed time (stage 1): 7.1350e+00


Stage 2
  iterations = 100x70x50x20
  convergence threshold = 1.0000e-06
  convergence window size = 10
  number of levels = 4
  using the CC metric (radius = 4, weight = 1.0000e+00)
  preprocessing:  winsorizing the image intensities
  Shrink factors (level 1 out of 4): [8, 8, 8]
  Shrink factors (level 2 out of 4): [4, 4, 4]
  Shrink factors (level 3 out of 4): [2, 2, 2]
  Shrink factors (level 4 out of 4): [1, 1, 1]
  smoothing sigmas per level: [3, 2, 1, 0]
  Using default NONE metricSamplingStrategy 

*** Running B-spline SyN registration (updateMeshSizeAtBaseLevel = [3, 4, 3], totalMeshSizeAtBaseLevel = [0, 0, 0]) ***

XDIAGNOSTIC,Iteration,metricValue,convergenceValue,ITERATION_TIME_INDEX,SINCE_LAST
WDIAGNOSTIC,     1, -1.581248283375e-01, 1.797693134862e+308, 2.4138e-01, 2.4138e-01, 
WDIAGNOSTIC,     2, -1.642470333780e-01, 1.797693134862e+308, 2.6882e-01, 2.7441e-02, 
WDIAGNOSTIC,     3, -1.707655384206e-01, 1.797693134862e+308, 2.9703e-01, 2.8208e-02, 
WDIAGNOSTIC,     4, -1.765745311057e-01, 1.797693134862e+308, 3.2561e-01, 2.8580e-02, 
WDIAGNOSTIC,     5, -1.826631589112e-01, 1.797693134862e+308, 3.5134e-01, 2.5726e-02, 
WDIAGNOSTIC,     6, -1.877237799821e-01, 1.797693134862e+308, 3.7928e-01, 2.7948e-02, 
WDIAGNOSTIC,     7, -1.926312343949e-01, 1.797693134862e+308, 4.0835e-01, 2.9062e-02, 
WDIAGNOSTIC,     8, -1.971004347545e-01, 1.797693134862e+308, 4.3485e-01, 2.6500e-02, 
WDIAGNOSTIC,     9, -2.010400064100e-01, 1.797693134862e+308, 4.5874e-01, 2.3898e-02, 
WDIAGNOSTIC,    10, -2.040702843581e-01, 1.625249260575e-02, 4.8873e-01, 2.9989e-02, 
WDIAGNOSTIC,    11, -2.071220135697e-01, 1.346125597920e-02, 5.1919e-01, 3.0461e-02, 
WDIAGNOSTIC,    12, -2.092416294947e-01, 1.100446614524e-02, 5.5064e-01, 3.1448e-02, 
WDIAGNOSTIC,    13, -2.109989184263e-01, 8.919614747869e-03, 5.8394e-01, 3.3298e-02, 
WDIAGNOSTIC,    14, -2.124670590996e-01, 7.119277322507e-03, 6.1443e-01, 3.0489e-02, 
WDIAGNOSTIC,    15, -2.137095382230e-01, 5.650663945233e-03, 6.4401e-01, 2.9576e-02, 
WDIAGNOSTIC,    16, -2.147950503720e-01, 4.423924609351e-03, 6.7468e-01, 3.0673e-02, 
WDIAGNOSTIC,    17, -2.157075272174e-01, 3.442438852979e-03, 7.0612e-01, 3.1442e-02, 
WDIAGNOSTIC,    18, -2.164689070473e-01, 2.679718581975e-03, 7.3658e-01, 3.0462e-02, 
WDIAGNOSTIC,    19, -2.170992499369e-01, 2.100628529776e-03, 7.6680e-01, 3.0223e-02, 
WDIAGNOSTIC,    20, -2.176198591079e-01, 1.640682578939e-03, 7.9955e-01, 3.2741e-02, 
WDIAGNOSTIC,    21, -2.180519399005e-01, 1.310345306066e-03, 8.3839e-01, 3.8840e-02, 
WDIAGNOSTIC,    22, -2.184056670016e-01, 1.048503435795e-03, 8.7185e-01, 3.3460e-02, 
WDIAGNOSTIC,    23, -2.186948226749e-01, 8.380181494190e-04, 9.0186e-01, 3.0011e-02, 
WDIAGNOSTIC,    24, -2.189281681284e-01, 6.670279921566e-04, 9.3577e-01, 3.3918e-02, 
WDIAGNOSTIC,    25, -2.191143851695e-01, 5.277061219787e-04, 9.7065e-01, 3.4877e-02, 
WDIAGNOSTIC,    26, -2.192629142953e-01, 4.161652467604e-04, 1.0020e+00, 3.1365e-02, 
WDIAGNOSTIC,    27, -2.193793736081e-01, 3.270458096445e-04, 1.0344e+00, 3.2336e-02, 
WDIAGNOSTIC,    28, -2.194694097700e-01, 2.558925432763e-04, 1.0656e+00, 3.1220e-02, 
WDIAGNOSTIC,    29, -2.195373928649e-01, 1.990075314676e-04, 1.0972e+00, 3.1617e-02, 
WDIAGNOSTIC,    30, -2.195877717604e-01, 1.535353375267e-04, 1.1247e+00, 2.7490e-02, 
WDIAGNOSTIC,    31, -2.196229772672e-01, 1.173622311780e-04, 1.1530e+00, 2.8357e-02, 
WDIAGNOSTIC,    32, -2.196457052642e-01, 8.861540495644e-05, 1.1812e+00, 2.8118e-02, 
WDIAGNOSTIC,    33, -2.196588964928e-01, 6.588050333866e-05, 1.2105e+00, 2.9378e-02, 
WDIAGNOSTIC,    34, -2.196638569197e-01, 4.792495443519e-05, 1.2361e+00, 2.5616e-02, 
WDIAGNOSTIC,    35, -2.196619290072e-01, 3.373234385561e-05, 1.2656e+00, 2.9486e-02, 
WDIAGNOSTIC,    36, -2.196543716146e-01, 2.255569405494e-05, 1.2929e+00, 2.7287e-02, 
WDIAGNOSTIC,    37, -2.196427258873e-01, 1.378648222594e-05, 1.3225e+00, 2.9619e-02, 
WDIAGNOSTIC,    38, -2.196273816657e-01, 6.928372464882e-06, 1.3502e+00, 2.7672e-02, 
WDIAGNOSTIC,    39, -2.196100871421e-01, 1.614469648876e-06, 1.3758e+00, 2.5575e-02, 
WDIAGNOSTIC,    40, -2.195915063401e-01, -2.422896486741e-06, 1.4006e+00, 2.4814e-02, 
XDIAGNOSTIC,Iteration,metricValue,convergenceValue,ITERATION_TIME_INDEX,SINCE_LAST
WDIAGNOSTIC,     1, -3.005408936486e-01, 1.797693134862e+308, 1.6277e+00, 2.2709e-01, 
WDIAGNOSTIC,     2, -2.982789342938e-01, 1.797693134862e+308, 1.7160e+00, 8.8349e-02, 
WDIAGNOSTIC,     3, -2.977072680923e-01, 1.797693134862e+308, 1.8043e+00, 8.8292e-02, 
WDIAGNOSTIC,     4, -2.972428015606e-01, 1.797693134862e+308, 1.8951e+00, 9.0808e-02, 
WDIAGNOSTIC,     5, -2.967255588998e-01, 1.797693134862e+308, 1.9859e+00, 9.0783e-02, 
WDIAGNOSTIC,     6, -2.963503539269e-01, 1.797693134862e+308, 2.0761e+00, 9.0134e-02, 
WDIAGNOSTIC,     7, -2.959442701483e-01, 1.797693134862e+308, 2.1600e+00, 8.3971e-02, 
WDIAGNOSTIC,     8, -2.955326258036e-01, 1.797693134862e+308, 2.2538e+00, 9.3806e-02, 
WDIAGNOSTIC,     9, -2.949433997910e-01, 1.797693134862e+308, 2.3461e+00, 9.2261e-02, 
WDIAGNOSTIC,    10, -2.943710146059e-01, -1.076991545821e-03, 2.4393e+00, 9.3252e-02, 
XDIAGNOSTIC,Iteration,metricValue,convergenceValue,ITERATION_TIME_INDEX,SINCE_LAST
WDIAGNOSTIC,     1, -3.198345824813e-01, 1.797693134862e+308, 3.0818e+00, 6.4246e-01, 
WDIAGNOSTIC,     2, -3.244850944725e-01, 1.797693134862e+308, 3.6310e+00, 5.4919e-01, 
WDIAGNOSTIC,     3, -3.280998697967e-01, 1.797693134862e+308, 4.1924e+00, 5.6139e-01, 
WDIAGNOSTIC,     4, -3.323242310917e-01, 1.797693134862e+308, 4.7345e+00, 5.4214e-01, 
WDIAGNOSTIC,     5, -3.357197385214e-01, 1.797693134862e+308, 5.2970e+00, 5.6247e-01, 
WDIAGNOSTIC,     6, -3.395515896422e-01, 1.797693134862e+308, 5.8478e+00, 5.5083e-01, 
WDIAGNOSTIC,     7, -3.426022956792e-01, 1.797693134862e+308, 6.3947e+00, 5.4689e-01, 
WDIAGNOSTIC,     8, -3.456571197862e-01, 1.797693134862e+308, 6.9425e+00, 5.4773e-01, 
WDIAGNOSTIC,     9, -3.482384190124e-01, 1.797693134862e+308, 7.4866e+00, 5.4414e-01, 
WDIAGNOSTIC,    10, -3.509001353548e-01, 5.875341527237e-03, 8.0328e+00, 5.4622e-01, 
WDIAGNOSTIC,    11, -3.533165024243e-01, 4.973051450981e-03, 8.5885e+00, 5.5569e-01, 
WDIAGNOSTIC,    12, -3.555970331809e-01, 4.259539993852e-03, 9.1482e+00, 5.5972e-01, 
WDIAGNOSTIC,    13, -3.577339352097e-01, 3.639306373459e-03, 9.7108e+00, 5.6253e-01, 
WDIAGNOSTIC,    14, -3.595396402429e-01, 3.135374285100e-03, 1.0265e+01, 5.5386e-01, 
WDIAGNOSTIC,    15, -3.610994032302e-01, 2.684993203104e-03, 1.0818e+01, 5.5386e-01, 
WDIAGNOSTIC,    16, -3.626446978148e-01, 2.321874818644e-03, 1.1371e+01, 5.5281e-01, 
WDIAGNOSTIC,    17, -3.641159226556e-01, 2.005569029589e-03, 1.1921e+01, 5.4951e-01, 
WDIAGNOSTIC,    18, -3.653901021060e-01, 1.735859870761e-03, 1.2471e+01, 5.4981e-01, 
WDIAGNOSTIC,    19, -3.665483711814e-01, 1.494132346984e-03, 1.3039e+01, 5.6888e-01, 
WDIAGNOSTIC,    20, -3.675566827375e-01, 1.287116054587e-03, 1.3594e+01, 5.5497e-01, 
WDIAGNOSTIC,    21, -3.686971446061e-01, 1.117134336837e-03, 1.4138e+01, 5.4389e-01, 
WDIAGNOSTIC,    22, -3.696560331950e-01, 9.767676845431e-04, 1.4790e+01, 6.5115e-01, 
WDIAGNOSTIC,    23, -3.705933135430e-01, 8.648276291284e-04, 1.5379e+01, 5.8963e-01, 
WDIAGNOSTIC,    24, -3.714518741912e-01, 7.704590281274e-04, 1.5980e+01, 6.0090e-01, 
WDIAGNOSTIC,    25, -3.721892088193e-01, 6.848835086081e-04, 1.6545e+01, 5.6510e-01, 
WDIAGNOSTIC,    26, -3.729523076635e-01, 6.123577697525e-04, 1.7096e+01, 5.5133e-01, 
WDIAGNOSTIC,    27, -3.736183654857e-01, 5.505431278329e-04, 1.7758e+01, 6.6172e-01, 
WDIAGNOSTIC,    28, -3.741510033326e-01, 4.925635260218e-04, 1.8338e+01, 5.7941e-01, 
WDIAGNOSTIC,    29, -3.747755374559e-01, 4.410778469618e-04, 1.8896e+01, 5.5886e-01, 
WDIAGNOSTIC,    30, -3.751331577338e-01, 3.872645666139e-04, 1.9459e+01, 5.6262e-01, 
WDIAGNOSTIC,    31, -3.756141338490e-01, 3.418125442042e-04, 2.0023e+01, 5.6349e-01, 
WDIAGNOSTIC,    32, -3.761029090898e-01, 3.025150496453e-04, 2.0586e+01, 5.6346e-01, 
WDIAGNOSTIC,    33, -3.766239513933e-01, 2.717138025587e-04, 2.1150e+01, 5.6403e-01, 
WDIAGNOSTIC,    34, -3.770239619126e-01, 2.460643306274e-04, 2.1818e+01, 6.6795e-01, 
WDIAGNOSTIC,    35, -3.774627761000e-01, 2.249629086278e-04, 2.2366e+01, 5.4805e-01, 
WDIAGNOSTIC,    36, -3.780496411874e-01, 2.131150127515e-04, 2.2922e+01, 5.5590e-01, 
WDIAGNOSTIC,    37, -3.784181774495e-01, 2.033996587355e-04, 2.3472e+01, 5.5052e-01, 
WDIAGNOSTIC,    38, -3.787240239170e-01, 1.920270239781e-04, 2.4025e+01, 5.5281e-01, 
WDIAGNOSTIC,    39, -3.790301720745e-01, 1.817922341710e-04, 2.4614e+01, 5.8855e-01, 
WDIAGNOSTIC,    40, -3.790887675304e-01, 1.628384899609e-04, 2.5160e+01, 5.4616e-01, 
WDIAGNOSTIC,    41, -3.792133024460e-01, 1.408527900891e-04, 2.5722e+01, 5.6166e-01, 
WDIAGNOSTIC,    42, -3.794611310662e-01, 1.201458881072e-04, 2.6315e+01, 5.9335e-01, 
WDIAGNOSTIC,    43, -3.797323878570e-01, 1.033070367957e-04, 2.6905e+01, 5.9016e-01, 
WDIAGNOSTIC,    44, -3.799196145326e-01, 8.775135212536e-05, 2.7556e+01, 6.5060e-01, 
WDIAGNOSTIC,    45, -3.801359558351e-01, 7.583284398228e-05, 2.8139e+01, 5.8277e-01, 
WDIAGNOSTIC,    46, -3.803602283617e-01, 7.095206921787e-05, 2.8716e+01, 5.7718e-01, 
WDIAGNOSTIC,    47, -3.805250767509e-01, 6.823971799347e-05, 2.9273e+01, 5.5769e-01, 
WDIAGNOSTIC,    48, -3.806580346703e-01, 6.612621299370e-05, 2.9968e+01, 6.9421e-01, 
WDIAGNOSTIC,    49, -3.808239305570e-01, 6.534322105500e-05, 3.0766e+01, 7.9793e-01, 
WDIAGNOSTIC,    50, -3.809783723456e-01, 6.168227866314e-05, 3.1334e+01, 5.6889e-01, 
XDIAGNOSTIC,Iteration,metricValue,convergenceValue,ITERATION_TIME_INDEX,SINCE_LAST
WDIAGNOSTIC,     1, -5.069189611736e-01, 1.797693134862e+308, 3.5194e+01, 3.8596e+00, 
WDIAGNOSTIC,     2, -5.087735250761e-01, 1.797693134862e+308, 3.8785e+01, 3.5909e+00, 
WDIAGNOSTIC,     3, -5.106611299881e-01, 1.797693134862e+308, 4.2387e+01, 3.6025e+00, 
WDIAGNOSTIC,     4, -5.127628665760e-01, 1.797693134862e+308, 4.6000e+01, 3.6128e+00, 
WDIAGNOSTIC,     5, -5.145964239043e-01, 1.797693134862e+308, 4.9700e+01, 3.6994e+00, 
WDIAGNOSTIC,     6, -5.164352106136e-01, 1.797693134862e+308, 5.3464e+01, 3.7642e+00, 
WDIAGNOSTIC,     7, -5.177709746063e-01, 1.797693134862e+308, 5.7117e+01, 3.6529e+00, 
WDIAGNOSTIC,     8, -5.191473388064e-01, 1.797693134862e+308, 6.0859e+01, 3.7417e+00, 
WDIAGNOSTIC,     9, -5.203551633732e-01, 1.797693134862e+308, 6.4509e+01, 3.6506e+00, 
WDIAGNOSTIC,    10, -5.213746773797e-01, 1.834344368134e-03, 6.8072e+01, 3.5625e+00, 
WDIAGNOSTIC,    11, -5.228186415024e-01, 1.560366099454e-03, 7.1632e+01, 3.5605e+00, 
WDIAGNOSTIC,    12, -5.239961005779e-01, 1.330045656335e-03, 7.5193e+01, 3.5613e+00, 
